<?xml version="1.0" encoding="UTF-8"?>
<!-- Generated by org.testng.reporters.JUnitReportReporter -->
<testsuite skipped="0" hostname="Apurva" name="way2smstestng1.LoginTestng" tests="1" failures="0" timestamp="19 Dec 2018 16:31:25 GMT" time="16.215" errors="0">
  <testcase name="validateTitle" time="16.215" classname="way2smstestng1.LoginTestng"/>
</testsuite> <!-- way2smstestng1.LoginTestng -->
