<?xml version="1.0" encoding="UTF-8"?>
<!-- Generated by org.testng.reporters.JUnitReportReporter -->
<testsuite skipped="0" hostname="Apurva" name="way2smstestng1.Loginway2sms" tests="1" failures="0" timestamp="19 Dec 2018 16:27:37 GMT" time="27.371" errors="0">
  <testcase name="Launch" time="27.371" classname="way2smstestng1.Loginway2sms"/>
</testsuite> <!-- way2smstestng1.Loginway2sms -->
