<?xml version="1.0" encoding="UTF-8"?>
<!-- Generated by org.testng.reporters.JUnitReportReporter -->
<testsuite skipped="0" hostname="Apurva" name="demoprogram.Program2" tests="2" failures="0" timestamp="14 Feb 2019 16:04:33 GMT" time="0.033" errors="0">
  <testcase name="inner" time="0.028" classname="demoprogram.Program2"/>
  <testcase name="outer" time="0.005" classname="demoprogram.Program2"/>
</testsuite> <!-- demoprogram.Program2 -->
