<?xml version="1.0" encoding="UTF-8"?>
<!-- Generated by org.testng.reporters.JUnitReportReporter -->
<testsuite skipped="1" hostname="Apurva" name="way2smstestng1.Sample2" tests="2" failures="0" timestamp="13 Feb 2019 19:31:12 GMT" time="0.027" errors="0">
  <testcase name="test4" time="0.027" classname="way2smstestng1.Sample2"/>
  <testcase name="test2" classname="way2smstestng1.Sample2">
    <skipped/>
  </testcase> <!-- test2 -->
</testsuite> <!-- way2smstestng1.Sample2 -->
