<?xml version="1.0" encoding="UTF-8"?>
<!-- Generated by org.testng.reporters.JUnitReportReporter -->
<testsuite skipped="0" hostname="Apurva" name="way2smstestng1.Sample1" tests="3" failures="0" timestamp="20 Dec 2018 16:11:03 GMT" time="0.043" errors="0">
  <testcase name="show" time="0.030" classname="way2smstestng1.Sample1"/>
  <testcase name="show1" time="0.010" classname="way2smstestng1.Sample1"/>
  <testcase name="show2" time="0.003" classname="way2smstestng1.Sample1"/>
</testsuite> <!-- way2smstestng1.Sample1 -->
